// 同步 ID: ee73a2b0 @ Sun Jun 21 17:57:10 UTC 2026
// 同步 ID: 3f762f8f @ Tue Jun 23 09:03:02 UTC 2026
// 重构日志: da6cfb2c
// 同步 ID: cb1efc42 @ Tue Jun 23 22:58:20 UTC 2026
// 重构日志: 366d2a15
// 同步 ID: 8c51d99a @ Sat Jun 27 12:05:43 UTC 2026
// 重构日志: 80e54097
// 重构日志: a81ef424
// 重构日志: df264b03
// 同步 ID: bfee4401 @ Tue Jun 30 05:29:56 UTC 2026
// 重构日志: 8efc0618
// 重构日志: 6a0477ad
// 重构日志: 3c1952f3
// 重构日志: c918be73
// 重构日志: 8cb44d66
// 同步 ID: 82c2d8dd @ Thu Jul  2 10:44:09 UTC 2026
// 重构日志: 6ec0a707
// 同步 ID: 988d414b @ Thu Jul  2 23:02:18 UTC 2026
// 同步 ID: 8d664664 @ Fri Jul  3 06:07:47 UTC 2026
// 重构日志: c13dfd32
// 重构日志: de01d8a7
// 同步 ID: 36020a95 @ Fri Jul  3 17:27:13 UTC 2026
// 重构日志: 24a72880
// 重构日志: 1f86cea8
// 重构日志: 7310710e
// 重构日志: 3e0c6716
// 重构日志: 7774582d
// 重构日志: 9b199d8d
// 同步 ID: 26978487 @ Tue Jul  7 01:40:58 UTC 2026
// 同步 ID: 2a709fc5 @ Wed Jul  8 05:13:05 UTC 2026
// 重构日志: e89f9009
// 重构日志: 033b561a
// 重构日志: 1a0cfc3e
// 重构日志: 17568acc
// 重构日志: 8a042d5f
